[ 2016-09-16 13:08:25.3572 40916/0x7fff7f338000 age/Wat/WatchdogMain.cpp:1291 ]: Starting Passenger watchdog...
[ 2016-09-16 13:08:25.3707 40918/0x7fff7f338000 age/Cor/CoreMain.cpp:982 ]: Starting Passenger core...
[ 2016-09-16 13:08:25.3713 40918/0x7fff7f338000 age/Cor/CoreMain.cpp:235 ]: Passenger core running in multi-application mode.
[ 2016-09-16 13:08:25.3779 40918/0x7fff7f338000 age/Cor/CoreMain.cpp:732 ]: Passenger core online, PID 40918
[ 2016-09-16 13:08:25.3823 40920/0x7fff7f338000 age/Ust/UstRouterMain.cpp:529 ]: Starting Passenger UstRouter...
[ 2016-09-16 13:08:25.3830 40920/0x7fff7f338000 age/Ust/UstRouterMain.cpp:342 ]: Passenger UstRouter online, PID 40920
2016/09/16 13:08:27 [error] 40923#0: *4 "/Users/carsonwright/Projects/store-editer/public/index.html" is not found (2: No such file or directory), client: 127.0.0.1, server: _, request: "HEAD / HTTP/1.1", host: "0.0.0.0"
2016/09/16 13:08:32 [error] 40923#0: *5 "/Users/carsonwright/Projects/store-editer/public/index.html" is not found (2: No such file or directory), client: 127.0.0.1, server: _, request: "GET / HTTP/1.1", host: "localhost:3000"
2016/09/16 13:08:32 [error] 40923#0: *5 open() "/Users/carsonwright/Projects/store-editer/public/favicon.ico" failed (2: No such file or directory), client: 127.0.0.1, server: _, request: "GET /favicon.ico HTTP/1.1", host: "localhost:3000", referrer: "http://localhost:3000/"
2016/09/16 13:08:44 [error] 40923#0: *5 open() "/Users/carsonwright/Projects/store-editer/public/test" failed (2: No such file or directory), client: 127.0.0.1, server: _, request: "GET /test HTTP/1.1", host: "localhost:3000"
2016/09/16 13:08:48 [error] 40923#0: *5 open() "/Users/carsonwright/Projects/store-editer/public/test.html" failed (2: No such file or directory), client: 127.0.0.1, server: _, request: "GET /test.html HTTP/1.1", host: "localhost:3000"

[ 2016-09-16 13:09:13.6162 40918/0x70000018a000 age/Cor/CoreMain.cpp:532 ]: Signal received. Gracefully shutting down... (send signal 2 more time(s) to force shutdown)

[ 2016-09-16 13:09:13.6162 40920/0x700000104000 age/Ust/UstRouterMain.cpp:422 ]: Signal received. Gracefully shutting down... (send signal 2 more time(s) to force shutdown)
[ 2016-09-16 13:09:13.6163 40920/0x7fff7f338000 age/Ust/UstRouterMain.cpp:492 ]: Received command to shutdown gracefully. Waiting until all clients have disconnected...
[ 2016-09-16 13:09:13.6162 40918/0x7fff7f338000 age/Cor/CoreMain.cpp:901 ]: Received command to shutdown gracefully. Waiting until all clients have disconnected...
[ 2016-09-16 13:09:13.6163 40920/0x70000020a000 Ser/Server.h:816 ]: [UstRouterApiServer] Freed 0 spare client objects
[ 2016-09-16 13:09:13.6164 40920/0x70000020a000 Ser/Server.h:464 ]: [UstRouterApiServer] Shutdown finished
[ 2016-09-16 13:09:13.6163 40920/0x700000104000 Ser/Server.h:464 ]: [UstRouter] Shutdown finished
[ 2016-09-16 13:09:13.6166 40918/0x70000049c000 Ser/Server.h:816 ]: [ServerThr.4] Freed 128 spare client objects
[ 2016-09-16 13:09:13.6167 40918/0x70000049c000 Ser/Server.h:464 ]: [ServerThr.4] Shutdown finished
[ 2016-09-16 13:09:13.6167 40918/0x700000290000 Ser/Server.h:816 ]: [ServerThr.2] Freed 128 spare client objects
[ 2016-09-16 13:09:13.6167 40918/0x70000018a000 Ser/Server.h:816 ]: [ServerThr.1] Freed 128 spare client objects
[ 2016-09-16 13:09:13.6167 40918/0x700000396000 Ser/Server.h:816 ]: [ServerThr.3] Freed 128 spare client objects
[ 2016-09-16 13:09:13.6167 40918/0x7000005a2000 Ser/Server.h:816 ]: [ServerThr.5] Freed 128 spare client objects
[ 2016-09-16 13:09:13.6168 40918/0x700000396000 Ser/Server.h:464 ]: [ServerThr.3] Shutdown finished
[ 2016-09-16 13:09:13.6168 40918/0x7000005a2000 Ser/Server.h:464 ]: [ServerThr.5] Shutdown finished
[ 2016-09-16 13:09:13.6167 40918/0x7000006a8000 Ser/Server.h:816 ]: [ServerThr.6] Freed 128 spare client objects
[ 2016-09-16 13:09:13.6167 40918/0x70000018a000 Ser/Server.h:464 ]: [ServerThr.1] Shutdown finished
[ 2016-09-16 13:09:13.6167 40918/0x700000290000 Ser/Server.h:464 ]: [ServerThr.2] Shutdown finished
[ 2016-09-16 13:09:13.6168 40918/0x7000006a8000 Ser/Server.h:464 ]: [ServerThr.6] Shutdown finished
[ 2016-09-16 13:09:13.6168 40918/0x7000007ae000 Ser/Server.h:816 ]: [ServerThr.7] Freed 128 spare client objects
[ 2016-09-16 13:09:13.6169 40918/0x7000007ae000 Ser/Server.h:464 ]: [ServerThr.7] Shutdown finished
[ 2016-09-16 13:09:13.6168 40918/0x7000008b4000 Ser/Server.h:816 ]: [ServerThr.8] Freed 128 spare client objects
[ 2016-09-16 13:09:13.6169 40918/0x7000008b4000 Ser/Server.h:464 ]: [ServerThr.8] Shutdown finished
[ 2016-09-16 13:09:13.6169 40918/0x7000009ba000 Ser/Server.h:816 ]: [ApiServer] Freed 0 spare client objects
[ 2016-09-16 13:09:13.6169 40918/0x7000009ba000 Ser/Server.h:464 ]: [ApiServer] Shutdown finished
[ 2016-09-16 13:09:13.6170 40920/0x7fff7f338000 age/Ust/UstRouterMain.cpp:523 ]: Passenger UstRouter shutdown finished
[ 2016-09-16 13:09:13.7384 40918/0x7fff7f338000 age/Cor/CoreMain.cpp:967 ]: Passenger core shutdown finished
